27-06-2024 11:21:16 INFO  main pe.gob.cusco.siafms.SiafmsApplication:50 - Starting SiafmsApplication using Java 17.0.9 with PID 10136 (C:\Users\DI\Documents\tmp\PROJECT\siafms\target\classes started by DI in C:\Users\DI\Documents\tmp\PROJECT\siafms)
27-06-2024 11:21:16 INFO  main pe.gob.cusco.siafms.SiafmsApplication:660 - The following 1 profile is active: "prod"
27-06-2024 11:21:16 INFO  main org.springframework.cloud.context.scope.GenericScope:282 - BeanFactory id=667dd4c9-e2eb-3bae-942c-2ca07336bcb2
27-06-2024 11:21:17 INFO  main org.springframework.boot.web.embedded.tomcat.TomcatWebServer:111 - Tomcat initialized with port 7010 (http)
27-06-2024 11:21:17 INFO  main org.apache.coyote.http11.Http11NioProtocol:173 - Initializing ProtocolHandler ["http-nio-0.0.0.0-7010"]
27-06-2024 11:21:17 INFO  main org.apache.catalina.core.StandardService:173 - Starting service [Tomcat]
27-06-2024 11:21:17 INFO  main org.apache.catalina.core.StandardEngine:173 - Starting Servlet engine: [Apache Tomcat/10.1.25]
27-06-2024 11:21:17 INFO  main org.apache.catalina.core.ContainerBase.[Tomcat].[localhost].[/]:173 - Initializing Spring embedded WebApplicationContext
27-06-2024 11:21:17 INFO  main org.springframework.boot.web.servlet.context.ServletWebServerApplicationContext:296 - Root WebApplicationContext: initialization completed in 688 ms
27-06-2024 11:21:17 INFO  main org.apache.coyote.http11.Http11NioProtocol:173 - Starting ProtocolHandler ["http-nio-0.0.0.0-7010"]
27-06-2024 11:21:17 INFO  main org.springframework.boot.web.embedded.tomcat.TomcatWebServer:243 - Tomcat started on port 7010 (http) with context path '/'
27-06-2024 11:21:17 INFO  main pe.gob.cusco.siafms.SiafmsApplication:56 - Started SiafmsApplication in 1.685 seconds (process running for 2.354)
27-06-2024 11:24:53 INFO  main pe.gob.cusco.siafms.SiafmsApplication:50 - Starting SiafmsApplication using Java 17.0.9 with PID 5888 (C:\Users\DI\Documents\tmp\PROJECT\siafms\target\classes started by DI in C:\Users\DI\Documents\tmp\PROJECT\siafms)
27-06-2024 11:24:53 INFO  main pe.gob.cusco.siafms.SiafmsApplication:660 - The following 1 profile is active: "prod"
27-06-2024 11:24:53 INFO  main org.springframework.cloud.context.scope.GenericScope:282 - BeanFactory id=667dd4c9-e2eb-3bae-942c-2ca07336bcb2
27-06-2024 11:24:53 INFO  main org.springframework.boot.web.embedded.tomcat.TomcatWebServer:111 - Tomcat initialized with port 7010 (http)
27-06-2024 11:24:53 INFO  main org.apache.coyote.http11.Http11NioProtocol:173 - Initializing ProtocolHandler ["http-nio-0.0.0.0-7010"]
27-06-2024 11:24:53 INFO  main org.apache.catalina.core.StandardService:173 - Starting service [Tomcat]
27-06-2024 11:24:53 INFO  main org.apache.catalina.core.StandardEngine:173 - Starting Servlet engine: [Apache Tomcat/10.1.25]
27-06-2024 11:24:53 INFO  main org.apache.catalina.core.ContainerBase.[Tomcat].[localhost].[/api/v1/siafms]:173 - Initializing Spring embedded WebApplicationContext
27-06-2024 11:24:53 INFO  main org.springframework.boot.web.servlet.context.ServletWebServerApplicationContext:296 - Root WebApplicationContext: initialization completed in 679 ms
27-06-2024 11:24:54 INFO  main org.apache.coyote.http11.Http11NioProtocol:173 - Starting ProtocolHandler ["http-nio-0.0.0.0-7010"]
27-06-2024 11:24:54 INFO  main org.springframework.boot.web.embedded.tomcat.TomcatWebServer:243 - Tomcat started on port 7010 (http) with context path '/api/v1/siafms'
27-06-2024 11:24:54 INFO  main pe.gob.cusco.siafms.SiafmsApplication:56 - Started SiafmsApplication in 1.669 seconds (process running for 2.182)
27-06-2024 12:09:50 INFO  main pe.gob.cusco.siafms.SiafmsApplication:50 - Starting SiafmsApplication using Java 17.0.9 with PID 6644 (C:\Users\DI\Documents\tmp\PROJECT\siafms\target\classes started by DI in C:\Users\DI\Documents\tmp\PROJECT\siafms)
27-06-2024 12:09:50 INFO  main pe.gob.cusco.siafms.SiafmsApplication:660 - The following 1 profile is active: "prod"
27-06-2024 12:09:50 INFO  main org.springframework.cloud.context.scope.GenericScope:282 - BeanFactory id=3a457ffc-94aa-3a58-8970-8a8fc7e2ebc0
27-06-2024 12:09:51 INFO  main org.springframework.boot.web.embedded.tomcat.TomcatWebServer:111 - Tomcat initialized with port 7010 (http)
27-06-2024 12:09:51 INFO  main org.apache.coyote.http11.Http11NioProtocol:173 - Initializing ProtocolHandler ["http-nio-0.0.0.0-7010"]
27-06-2024 12:09:51 INFO  main org.apache.catalina.core.StandardService:173 - Starting service [Tomcat]
27-06-2024 12:09:51 INFO  main org.apache.catalina.core.StandardEngine:173 - Starting Servlet engine: [Apache Tomcat/10.1.25]
27-06-2024 12:09:51 INFO  main org.apache.catalina.core.ContainerBase.[Tomcat].[localhost].[/api/v1/siafms]:173 - Initializing Spring embedded WebApplicationContext
27-06-2024 12:09:51 INFO  main org.springframework.boot.web.servlet.context.ServletWebServerApplicationContext:296 - Root WebApplicationContext: initialization completed in 733 ms
27-06-2024 12:09:51 INFO  main org.apache.coyote.http11.Http11NioProtocol:173 - Starting ProtocolHandler ["http-nio-0.0.0.0-7010"]
27-06-2024 12:09:51 INFO  main org.springframework.boot.web.embedded.tomcat.TomcatWebServer:243 - Tomcat started on port 7010 (http) with context path '/api/v1/siafms'
27-06-2024 12:09:51 INFO  main pe.gob.cusco.siafms.SiafmsApplication:56 - Started SiafmsApplication in 1.722 seconds (process running for 2.212)
27-06-2024 12:11:49 INFO  main pe.gob.cusco.siafms.SiafmsApplication:50 - Starting SiafmsApplication using Java 17.0.9 with PID 1224 (C:\Users\DI\Documents\tmp\PROJECT\siafms\target\classes started by DI in C:\Users\DI\Documents\tmp\PROJECT\siafms)
27-06-2024 12:11:49 INFO  main pe.gob.cusco.siafms.SiafmsApplication:660 - The following 1 profile is active: "prod"
27-06-2024 12:11:50 INFO  main org.springframework.cloud.context.scope.GenericScope:282 - BeanFactory id=3a457ffc-94aa-3a58-8970-8a8fc7e2ebc0
27-06-2024 12:11:50 INFO  main org.springframework.boot.web.embedded.tomcat.TomcatWebServer:111 - Tomcat initialized with port 7010 (http)
27-06-2024 12:11:50 INFO  main org.apache.coyote.http11.Http11NioProtocol:173 - Initializing ProtocolHandler ["http-nio-0.0.0.0-7010"]
27-06-2024 12:11:50 INFO  main org.apache.catalina.core.StandardService:173 - Starting service [Tomcat]
27-06-2024 12:11:50 INFO  main org.apache.catalina.core.StandardEngine:173 - Starting Servlet engine: [Apache Tomcat/10.1.25]
27-06-2024 12:11:50 INFO  main org.apache.catalina.core.ContainerBase.[Tomcat].[localhost].[/api/v1/siafms]:173 - Initializing Spring embedded WebApplicationContext
27-06-2024 12:11:50 INFO  main org.springframework.boot.web.servlet.context.ServletWebServerApplicationContext:296 - Root WebApplicationContext: initialization completed in 749 ms
27-06-2024 12:11:50 INFO  main org.apache.coyote.http11.Http11NioProtocol:173 - Starting ProtocolHandler ["http-nio-0.0.0.0-7010"]
27-06-2024 12:11:50 INFO  main org.springframework.boot.web.embedded.tomcat.TomcatWebServer:243 - Tomcat started on port 7010 (http) with context path '/api/v1/siafms'
27-06-2024 12:11:50 INFO  main pe.gob.cusco.siafms.SiafmsApplication:56 - Started SiafmsApplication in 1.74 seconds (process running for 2.235)
27-06-2024 12:11:58 INFO  http-nio-0.0.0.0-7010-exec-1 org.apache.catalina.core.ContainerBase.[Tomcat].[localhost].[/api/v1/siafms]:173 - Initializing Spring DispatcherServlet 'dispatcherServlet'
27-06-2024 12:11:58 INFO  http-nio-0.0.0.0-7010-exec-1 org.springframework.web.servlet.DispatcherServlet:532 - Initializing Servlet 'dispatcherServlet'
27-06-2024 12:11:58 INFO  http-nio-0.0.0.0-7010-exec-1 org.springframework.web.servlet.DispatcherServlet:554 - Completed initialization in 1 ms
27-06-2024 12:11:58 INFO  http-nio-0.0.0.0-7010-exec-1 pe.gob.cusco.siafms.application.services.impl.MetaServiceImpl:27 - Listando metas de 300684
27-06-2024 12:12:28 INFO  http-nio-0.0.0.0-7010-exec-2 pe.gob.cusco.siafms.application.services.impl.MetaServiceImpl:27 - Listando metas de 300684
27-06-2024 12:53:20 INFO  main pe.gob.cusco.siafms.SiafmsApplication:50 - Starting SiafmsApplication using Java 17.0.9 with PID 19052 (C:\Users\DI\Documents\tmp\PROJECT\siafms\target\classes started by DI in C:\Users\DI\Documents\tmp\PROJECT\siafms)
27-06-2024 12:53:20 INFO  main pe.gob.cusco.siafms.SiafmsApplication:660 - The following 1 profile is active: "prod"
27-06-2024 12:53:20 INFO  main org.springframework.cloud.context.scope.GenericScope:282 - BeanFactory id=e70148a1-b7db-3490-afae-52520b749a55
27-06-2024 12:53:21 INFO  main org.springframework.boot.web.embedded.tomcat.TomcatWebServer:111 - Tomcat initialized with port 7010 (http)
27-06-2024 12:53:21 INFO  main org.apache.coyote.http11.Http11NioProtocol:173 - Initializing ProtocolHandler ["http-nio-0.0.0.0-7010"]
27-06-2024 12:53:21 INFO  main org.apache.catalina.core.StandardService:173 - Starting service [Tomcat]
27-06-2024 12:53:21 INFO  main org.apache.catalina.core.StandardEngine:173 - Starting Servlet engine: [Apache Tomcat/10.1.25]
27-06-2024 12:53:21 INFO  main org.apache.catalina.core.ContainerBase.[Tomcat].[localhost].[/api/v1/siafms]:173 - Initializing Spring embedded WebApplicationContext
27-06-2024 12:53:21 INFO  main org.springframework.boot.web.servlet.context.ServletWebServerApplicationContext:296 - Root WebApplicationContext: initialization completed in 707 ms
27-06-2024 12:53:21 INFO  main org.apache.coyote.http11.Http11NioProtocol:173 - Starting ProtocolHandler ["http-nio-0.0.0.0-7010"]
27-06-2024 12:53:21 INFO  main org.springframework.boot.web.embedded.tomcat.TomcatWebServer:243 - Tomcat started on port 7010 (http) with context path '/api/v1/siafms'
27-06-2024 12:53:21 INFO  main pe.gob.cusco.siafms.SiafmsApplication:56 - Started SiafmsApplication in 1.674 seconds (process running for 2.182)
27-06-2024 12:53:53 INFO  http-nio-0.0.0.0-7010-exec-2 org.apache.catalina.core.ContainerBase.[Tomcat].[localhost].[/api/v1/siafms]:173 - Initializing Spring DispatcherServlet 'dispatcherServlet'
27-06-2024 12:53:53 INFO  http-nio-0.0.0.0-7010-exec-2 org.springframework.web.servlet.DispatcherServlet:532 - Initializing Servlet 'dispatcherServlet'
27-06-2024 12:53:53 INFO  http-nio-0.0.0.0-7010-exec-2 org.springframework.web.servlet.DispatcherServlet:554 - Completed initialization in 0 ms
27-06-2024 13:13:52 INFO  main pe.gob.cusco.siafms.SiafmsApplication:50 - Starting SiafmsApplication using Java 17.0.9 with PID 8368 (C:\Users\DI\Documents\tmp\PROJECT\siafms\target\classes started by DI in C:\Users\DI\Documents\tmp\PROJECT\siafms)
27-06-2024 13:13:52 INFO  main pe.gob.cusco.siafms.SiafmsApplication:660 - The following 1 profile is active: "prod"
27-06-2024 13:13:52 INFO  main org.springframework.cloud.context.scope.GenericScope:282 - BeanFactory id=fbc0a762-00db-31ce-bb8e-b6b926ea7989
27-06-2024 13:13:52 INFO  main org.springframework.boot.web.embedded.tomcat.TomcatWebServer:111 - Tomcat initialized with port 7010 (http)
27-06-2024 13:13:52 INFO  main org.apache.coyote.http11.Http11NioProtocol:173 - Initializing ProtocolHandler ["http-nio-0.0.0.0-7010"]
27-06-2024 13:13:52 INFO  main org.apache.catalina.core.StandardService:173 - Starting service [Tomcat]
27-06-2024 13:13:52 INFO  main org.apache.catalina.core.StandardEngine:173 - Starting Servlet engine: [Apache Tomcat/10.1.25]
27-06-2024 13:13:52 INFO  main org.apache.catalina.core.ContainerBase.[Tomcat].[localhost].[/api/v1/siafms]:173 - Initializing Spring embedded WebApplicationContext
27-06-2024 13:13:52 INFO  main org.springframework.boot.web.servlet.context.ServletWebServerApplicationContext:296 - Root WebApplicationContext: initialization completed in 772 ms
27-06-2024 13:13:53 INFO  main org.apache.coyote.http11.Http11NioProtocol:173 - Starting ProtocolHandler ["http-nio-0.0.0.0-7010"]
27-06-2024 13:13:53 INFO  main org.springframework.boot.web.embedded.tomcat.TomcatWebServer:243 - Tomcat started on port 7010 (http) with context path '/api/v1/siafms'
27-06-2024 13:13:53 INFO  main pe.gob.cusco.siafms.SiafmsApplication:56 - Started SiafmsApplication in 1.777 seconds (process running for 2.282)
27-06-2024 13:14:10 INFO  http-nio-0.0.0.0-7010-exec-1 org.apache.catalina.core.ContainerBase.[Tomcat].[localhost].[/api/v1/siafms]:173 - Initializing Spring DispatcherServlet 'dispatcherServlet'
27-06-2024 13:14:10 INFO  http-nio-0.0.0.0-7010-exec-1 org.springframework.web.servlet.DispatcherServlet:532 - Initializing Servlet 'dispatcherServlet'
27-06-2024 13:14:10 INFO  http-nio-0.0.0.0-7010-exec-1 org.springframework.web.servlet.DispatcherServlet:554 - Completed initialization in 1 ms
27-06-2024 13:17:54 INFO  main pe.gob.cusco.siafms.SiafmsApplication:50 - Starting SiafmsApplication using Java 17.0.9 with PID 14360 (C:\Users\DI\Documents\tmp\PROJECT\siafms\target\classes started by DI in C:\Users\DI\Documents\tmp\PROJECT\siafms)
27-06-2024 13:17:54 INFO  main pe.gob.cusco.siafms.SiafmsApplication:660 - The following 1 profile is active: "prod"
27-06-2024 13:17:54 INFO  main org.springframework.cloud.context.scope.GenericScope:282 - BeanFactory id=fbc0a762-00db-31ce-bb8e-b6b926ea7989
27-06-2024 13:17:54 INFO  main org.springframework.boot.web.embedded.tomcat.TomcatWebServer:111 - Tomcat initialized with port 7010 (http)
27-06-2024 13:17:54 INFO  main org.apache.coyote.http11.Http11NioProtocol:173 - Initializing ProtocolHandler ["http-nio-0.0.0.0-7010"]
27-06-2024 13:17:54 INFO  main org.apache.catalina.core.StandardService:173 - Starting service [Tomcat]
27-06-2024 13:17:54 INFO  main org.apache.catalina.core.StandardEngine:173 - Starting Servlet engine: [Apache Tomcat/10.1.25]
27-06-2024 13:17:54 INFO  main org.apache.catalina.core.ContainerBase.[Tomcat].[localhost].[/api/v1/siafms]:173 - Initializing Spring embedded WebApplicationContext
27-06-2024 13:17:54 INFO  main org.springframework.boot.web.servlet.context.ServletWebServerApplicationContext:296 - Root WebApplicationContext: initialization completed in 715 ms
27-06-2024 13:17:55 INFO  main org.apache.coyote.http11.Http11NioProtocol:173 - Starting ProtocolHandler ["http-nio-0.0.0.0-7010"]
27-06-2024 13:17:55 INFO  main org.springframework.boot.web.embedded.tomcat.TomcatWebServer:243 - Tomcat started on port 7010 (http) with context path '/api/v1/siafms'
27-06-2024 13:17:55 INFO  main pe.gob.cusco.siafms.SiafmsApplication:56 - Started SiafmsApplication in 1.686 seconds (process running for 2.179)
27-06-2024 13:26:28 INFO  main org.springframework.test.context.support.AnnotationConfigContextLoaderUtils:83 - Could not detect default configuration classes for test class [pe.gob.cusco.siafms.SiafmsApplicationTests]: SiafmsApplicationTests does not declare any static, non-private, non-final, nested classes annotated with @Configuration.
27-06-2024 13:26:28 INFO  main org.springframework.boot.test.context.SpringBootTestContextBootstrapper:234 - Found @SpringBootConfiguration pe.gob.cusco.siafms.SiafmsApplication for test class pe.gob.cusco.siafms.SiafmsApplicationTests
27-06-2024 13:26:28 INFO  main pe.gob.cusco.siafms.SiafmsApplicationTests:50 - Starting SiafmsApplicationTests using Java 17.0.9 with PID 1252 (started by DI in C:\Users\DI\Documents\tmp\PROJECT\siafms)
27-06-2024 13:26:28 INFO  main pe.gob.cusco.siafms.SiafmsApplicationTests:660 - The following 1 profile is active: "prod"
27-06-2024 13:26:29 INFO  main org.springframework.cloud.context.scope.GenericScope:282 - BeanFactory id=5f191780-fa07-3c35-8848-f2ec18cee490
27-06-2024 13:26:30 INFO  main pe.gob.cusco.siafms.SiafmsApplicationTests:56 - Started SiafmsApplicationTests in 1.691 seconds (process running for 2.543)
03-01-2025 15:29:37 INFO  main org.springframework.test.context.support.AnnotationConfigContextLoaderUtils:83 - Could not detect default configuration classes for test class [pe.gob.cusco.siafms.SiafmsApplicationTests]: SiafmsApplicationTests does not declare any static, non-private, non-final, nested classes annotated with @Configuration.
03-01-2025 15:29:37 INFO  main org.springframework.boot.test.context.SpringBootTestContextBootstrapper:234 - Found @SpringBootConfiguration pe.gob.cusco.siafms.SiafmsApplication for test class pe.gob.cusco.siafms.SiafmsApplicationTests
03-01-2025 15:29:38 INFO  main pe.gob.cusco.siafms.SiafmsApplicationTests:50 - Starting SiafmsApplicationTests using Java 17.0.11 with PID 23040 (started by DI in C:\Users\DI\Documents\tmp\PROJECT\siafms)
03-01-2025 15:29:38 INFO  main pe.gob.cusco.siafms.SiafmsApplicationTests:660 - The following 1 profile is active: "prod"
03-01-2025 15:29:38 INFO  main org.springframework.cloud.context.scope.GenericScope:282 - BeanFactory id=5f191780-fa07-3c35-8848-f2ec18cee490
03-01-2025 15:29:38 WARN  main org.springframework.web.context.support.GenericWebApplicationContext:632 - Exception encountered during context initialization - cancelling refresh attempt: org.springframework.beans.factory.UnsatisfiedDependencyException: Error creating bean with name 'especificaController': Unsatisfied dependency expressed through field 'especificaService': Error creating bean with name 'especificaServiceImpl': Unsatisfied dependency expressed through field 'configSiafms': Error creating bean with name 'configSiafms': Could not bind properties to 'ConfigSiafms' : prefix=siafms.service, ignoreInvalidFields=false, ignoreUnknownFields=true
03-01-2025 15:29:38 INFO  main org.springframework.boot.autoconfigure.logging.ConditionEvaluationReportLogger:82 - 

Error starting ApplicationContext. To display the condition evaluation report re-run your application with 'debug' enabled.
03-01-2025 15:29:38 ERROR main org.springframework.boot.diagnostics.LoggingFailureAnalysisReporter:40 - 

***************************
APPLICATION FAILED TO START
***************************

Description:

Failed to bind properties under 'siafms.service.anio' to java.lang.Integer:

    Property: siafms.service.anio
    Value: "${SIAFMS_ANIO}"
    Origin: class path resource [application.yml] - 17:11
    Reason: failed to convert java.lang.String to java.lang.Integer (caused by java.lang.NumberFormatException: For input string: "${SIAFMS_ANIO}")

Action:

Update your application's configuration

03-01-2025 15:29:38 WARN  main org.springframework.test.context.TestContextManager:272 - Caught exception while allowing TestExecutionListener [org.springframework.test.context.web.ServletTestExecutionListener] to prepare test instance [pe.gob.cusco.siafms.SiafmsApplicationTests@3472947a]
java.lang.IllegalStateException: Failed to load ApplicationContext for [WebMergedContextConfiguration@497d4c96 testClass = pe.gob.cusco.siafms.SiafmsApplicationTests, locations = [], classes = [pe.gob.cusco.siafms.SiafmsApplication], contextInitializerClasses = [], activeProfiles = [], propertySourceDescriptors = [], propertySourceProperties = ["org.springframework.boot.test.context.SpringBootTestContextBootstrapper=true"], contextCustomizers = [org.springframework.boot.test.context.filter.ExcludeFilterContextCustomizer@51acdf2e, org.springframework.boot.test.json.DuplicateJsonObjectContextCustomizerFactory$DuplicateJsonObjectContextCustomizer@3a0baae5, org.springframework.boot.test.mock.mockito.MockitoContextCustomizer@0, org.springframework.boot.test.web.client.TestRestTemplateContextCustomizer@53dbe163, org.springframework.boot.test.autoconfigure.actuate.observability.ObservabilityContextCustomizerFactory$DisableObservabilityContextCustomizer@1f, org.springframework.boot.test.autoconfigure.properties.PropertyMappingContextCustomizer@0, org.springframework.boot.test.autoconfigure.web.servlet.WebDriverContextCustomizer@6aa3a905, org.springframework.boot.test.context.SpringBootTestAnnotation@2c43a69c], resourceBasePath = "src/main/webapp", contextLoader = org.springframework.boot.test.context.SpringBootContextLoader, parent = null]
	at org.springframework.test.context.cache.DefaultCacheAwareContextLoaderDelegate.loadContext(DefaultCacheAwareContextLoaderDelegate.java:180)
	at org.springframework.test.context.support.DefaultTestContext.getApplicationContext(DefaultTestContext.java:130)
	at org.springframework.test.context.web.ServletTestExecutionListener.setUpRequestContextIfNecessary(ServletTestExecutionListener.java:191)
	at org.springframework.test.context.web.ServletTestExecutionListener.prepareTestInstance(ServletTestExecutionListener.java:130)
	at org.springframework.test.context.TestContextManager.prepareTestInstance(TestContextManager.java:260)
	at org.springframework.test.context.junit.jupiter.SpringExtension.postProcessTestInstance(SpringExtension.java:163)
	at org.junit.jupiter.engine.descriptor.ClassBasedTestDescriptor.lambda$invokeTestInstancePostProcessors$10(ClassBasedTestDescriptor.java:378)
	at org.junit.jupiter.engine.descriptor.ClassBasedTestDescriptor.executeAndMaskThrowable(ClassBasedTestDescriptor.java:383)
	at org.junit.jupiter.engine.descriptor.ClassBasedTestDescriptor.lambda$invokeTestInstancePostProcessors$11(ClassBasedTestDescriptor.java:378)
	at java.base/java.util.stream.ReferencePipeline$3$1.accept(ReferencePipeline.java:197)
	at java.base/java.util.stream.ReferencePipeline$2$1.accept(ReferencePipeline.java:179)
	at java.base/java.util.ArrayList$ArrayListSpliterator.forEachRemaining(ArrayList.java:1625)
	at java.base/java.util.stream.AbstractPipeline.copyInto(AbstractPipeline.java:509)
	at java.base/java.util.stream.AbstractPipeline.wrapAndCopyInto(AbstractPipeline.java:499)
	at java.base/java.util.stream.StreamSpliterators$WrappingSpliterator.forEachRemaining(StreamSpliterators.java:310)
	at java.base/java.util.stream.Streams$ConcatSpliterator.forEachRemaining(Streams.java:735)
	at java.base/java.util.stream.Streams$ConcatSpliterator.forEachRemaining(Streams.java:734)
	at java.base/java.util.stream.ReferencePipeline$Head.forEach(ReferencePipeline.java:762)
	at org.junit.jupiter.engine.descriptor.ClassBasedTestDescriptor.invokeTestInstancePostProcessors(ClassBasedTestDescriptor.java:377)
	at org.junit.jupiter.engine.descriptor.ClassBasedTestDescriptor.lambda$instantiateAndPostProcessTestInstance$6(ClassBasedTestDescriptor.java:290)
	at org.junit.platform.engine.support.hierarchical.ThrowableCollector.execute(ThrowableCollector.java:73)
	at org.junit.jupiter.engine.descriptor.ClassBasedTestDescriptor.instantiateAndPostProcessTestInstance(ClassBasedTestDescriptor.java:289)
	at org.junit.jupiter.engine.descriptor.ClassBasedTestDescriptor.lambda$testInstancesProvider$4(ClassBasedTestDescriptor.java:279)
	at java.base/java.util.Optional.orElseGet(Optional.java:364)
	at org.junit.jupiter.engine.descriptor.ClassBasedTestDescriptor.lambda$testInstancesProvider$5(ClassBasedTestDescriptor.java:278)
	at org.junit.jupiter.engine.execution.TestInstancesProvider.getTestInstances(TestInstancesProvider.java:31)
	at org.junit.jupiter.engine.descriptor.TestMethodTestDescriptor.lambda$prepare$0(TestMethodTestDescriptor.java:106)
	at org.junit.platform.engine.support.hierarchical.ThrowableCollector.execute(ThrowableCollector.java:73)
	at org.junit.jupiter.engine.descriptor.TestMethodTestDescriptor.prepare(TestMethodTestDescriptor.java:105)
	at org.junit.jupiter.engine.descriptor.TestMethodTestDescriptor.prepare(TestMethodTestDescriptor.java:69)
	at org.junit.platform.engine.support.hierarchical.NodeTestTask.lambda$prepare$2(NodeTestTask.java:123)
	at org.junit.platform.engine.support.hierarchical.ThrowableCollector.execute(ThrowableCollector.java:73)
	at org.junit.platform.engine.support.hierarchical.NodeTestTask.prepare(NodeTestTask.java:123)
	at org.junit.platform.engine.support.hierarchical.NodeTestTask.execute(NodeTestTask.java:90)
	at java.base/java.util.ArrayList.forEach(ArrayList.java:1511)
	at org.junit.platform.engine.support.hierarchical.SameThreadHierarchicalTestExecutorService.invokeAll(SameThreadHierarchicalTestExecutorService.java:41)
	at org.junit.platform.engine.support.hierarchical.NodeTestTask.lambda$executeRecursively$6(NodeTestTask.java:155)
	at org.junit.platform.engine.support.hierarchical.ThrowableCollector.execute(ThrowableCollector.java:73)
	at org.junit.platform.engine.support.hierarchical.NodeTestTask.lambda$executeRecursively$8(NodeTestTask.java:141)
	at org.junit.platform.engine.support.hierarchical.Node.around(Node.java:137)
	at org.junit.platform.engine.support.hierarchical.NodeTestTask.lambda$executeRecursively$9(NodeTestTask.java:139)
	at org.junit.platform.engine.support.hierarchical.ThrowableCollector.execute(ThrowableCollector.java:73)
	at org.junit.platform.engine.support.hierarchical.NodeTestTask.executeRecursively(NodeTestTask.java:138)
	at org.junit.platform.engine.support.hierarchical.NodeTestTask.execute(NodeTestTask.java:95)
	at java.base/java.util.ArrayList.forEach(ArrayList.java:1511)
	at org.junit.platform.engine.support.hierarchical.SameThreadHierarchicalTestExecutorService.invokeAll(SameThreadHierarchicalTestExecutorService.java:41)
	at org.junit.platform.engine.support.hierarchical.NodeTestTask.lambda$executeRecursively$6(NodeTestTask.java:155)
	at org.junit.platform.engine.support.hierarchical.ThrowableCollector.execute(ThrowableCollector.java:73)
	at org.junit.platform.engine.support.hierarchical.NodeTestTask.lambda$executeRecursively$8(NodeTestTask.java:141)
	at org.junit.platform.engine.support.hierarchical.Node.around(Node.java:137)
	at org.junit.platform.engine.support.hierarchical.NodeTestTask.lambda$executeRecursively$9(NodeTestTask.java:139)
	at org.junit.platform.engine.support.hierarchical.ThrowableCollector.execute(ThrowableCollector.java:73)
	at org.junit.platform.engine.support.hierarchical.NodeTestTask.executeRecursively(NodeTestTask.java:138)
	at org.junit.platform.engine.support.hierarchical.NodeTestTask.execute(NodeTestTask.java:95)
	at org.junit.platform.engine.support.hierarchical.SameThreadHierarchicalTestExecutorService.submit(SameThreadHierarchicalTestExecutorService.java:35)
	at org.junit.platform.engine.support.hierarchical.HierarchicalTestExecutor.execute(HierarchicalTestExecutor.java:57)
	at org.junit.platform.engine.support.hierarchical.HierarchicalTestEngine.execute(HierarchicalTestEngine.java:54)
	at org.junit.platform.launcher.core.EngineExecutionOrchestrator.execute(EngineExecutionOrchestrator.java:198)
	at org.junit.platform.launcher.core.EngineExecutionOrchestrator.execute(EngineExecutionOrchestrator.java:169)
	at org.junit.platform.launcher.core.EngineExecutionOrchestrator.execute(EngineExecutionOrchestrator.java:93)
	at org.junit.platform.launcher.core.EngineExecutionOrchestrator.lambda$execute$0(EngineExecutionOrchestrator.java:58)
	at org.junit.platform.launcher.core.EngineExecutionOrchestrator.withInterceptedStreams(EngineExecutionOrchestrator.java:141)
	at org.junit.platform.launcher.core.EngineExecutionOrchestrator.execute(EngineExecutionOrchestrator.java:57)
	at org.junit.platform.launcher.core.DefaultLauncher.execute(DefaultLauncher.java:103)
	at org.junit.platform.launcher.core.DefaultLauncher.execute(DefaultLauncher.java:85)
	at org.junit.platform.launcher.core.DelegatingLauncher.execute(DelegatingLauncher.java:47)
	at org.apache.maven.surefire.junitplatform.LazyLauncher.execute(LazyLauncher.java:56)
	at org.apache.maven.surefire.junitplatform.JUnitPlatformProvider.execute(JUnitPlatformProvider.java:184)
	at org.apache.maven.surefire.junitplatform.JUnitPlatformProvider.invokeAllTests(JUnitPlatformProvider.java:148)
	at org.apache.maven.surefire.junitplatform.JUnitPlatformProvider.invoke(JUnitPlatformProvider.java:122)
	at org.apache.maven.surefire.booter.ForkedBooter.runSuitesInProcess(ForkedBooter.java:385)
	at org.apache.maven.surefire.booter.ForkedBooter.execute(ForkedBooter.java:162)
	at org.apache.maven.surefire.booter.ForkedBooter.run(ForkedBooter.java:507)
	at org.apache.maven.surefire.booter.ForkedBooter.main(ForkedBooter.java:495)
Caused by: org.springframework.beans.factory.UnsatisfiedDependencyException: Error creating bean with name 'especificaController': Unsatisfied dependency expressed through field 'especificaService': Error creating bean with name 'especificaServiceImpl': Unsatisfied dependency expressed through field 'configSiafms': Error creating bean with name 'configSiafms': Could not bind properties to 'ConfigSiafms' : prefix=siafms.service, ignoreInvalidFields=false, ignoreUnknownFields=true
	at org.springframework.beans.factory.annotation.AutowiredAnnotationBeanPostProcessor$AutowiredFieldElement.resolveFieldValue(AutowiredAnnotationBeanPostProcessor.java:787)
	at org.springframework.beans.factory.annotation.AutowiredAnnotationBeanPostProcessor$AutowiredFieldElement.inject(AutowiredAnnotationBeanPostProcessor.java:767)
	at org.springframework.beans.factory.annotation.InjectionMetadata.inject(InjectionMetadata.java:145)
	at org.springframework.beans.factory.annotation.AutowiredAnnotationBeanPostProcessor.postProcessProperties(AutowiredAnnotationBeanPostProcessor.java:508)
	at org.springframework.beans.factory.support.AbstractAutowireCapableBeanFactory.populateBean(AbstractAutowireCapableBeanFactory.java:1421)
	at org.springframework.beans.factory.support.AbstractAutowireCapableBeanFactory.doCreateBean(AbstractAutowireCapableBeanFactory.java:599)
	at org.springframework.beans.factory.support.AbstractAutowireCapableBeanFactory.createBean(AbstractAutowireCapableBeanFactory.java:522)
	at org.springframework.beans.factory.support.AbstractBeanFactory.lambda$doGetBean$0(AbstractBeanFactory.java:337)
	at org.springframework.beans.factory.support.DefaultSingletonBeanRegistry.getSingleton(DefaultSingletonBeanRegistry.java:234)
	at org.springframework.beans.factory.support.AbstractBeanFactory.doGetBean(AbstractBeanFactory.java:335)
	at org.springframework.beans.factory.support.AbstractBeanFactory.getBean(AbstractBeanFactory.java:200)
	at org.springframework.beans.factory.support.DefaultListableBeanFactory.preInstantiateSingletons(DefaultListableBeanFactory.java:975)
	at org.springframework.context.support.AbstractApplicationContext.finishBeanFactoryInitialization(AbstractApplicationContext.java:962)
	at org.springframework.context.support.AbstractApplicationContext.refresh(AbstractApplicationContext.java:624)
	at org.springframework.boot.SpringApplication.refresh(SpringApplication.java:754)
	at org.springframework.boot.SpringApplication.refreshContext(SpringApplication.java:456)
	at org.springframework.boot.SpringApplication.run(SpringApplication.java:335)
	at org.springframework.boot.test.context.SpringBootContextLoader.lambda$loadContext$3(SpringBootContextLoader.java:137)
	at org.springframework.util.function.ThrowingSupplier.get(ThrowingSupplier.java:58)
	at org.springframework.util.function.ThrowingSupplier.get(ThrowingSupplier.java:46)
	at org.springframework.boot.SpringApplication.withHook(SpringApplication.java:1463)
	at org.springframework.boot.test.context.SpringBootContextLoader$ContextLoaderHook.run(SpringBootContextLoader.java:553)
	at org.springframework.boot.test.context.SpringBootContextLoader.loadContext(SpringBootContextLoader.java:137)
	at org.springframework.boot.test.context.SpringBootContextLoader.loadContext(SpringBootContextLoader.java:108)
	at org.springframework.test.context.cache.DefaultCacheAwareContextLoaderDelegate.loadContextInternal(DefaultCacheAwareContextLoaderDelegate.java:225)
	at org.springframework.test.context.cache.DefaultCacheAwareContextLoaderDelegate.loadContext(DefaultCacheAwareContextLoaderDelegate.java:152)
	... 73 common frames omitted
Caused by: org.springframework.beans.factory.UnsatisfiedDependencyException: Error creating bean with name 'especificaServiceImpl': Unsatisfied dependency expressed through field 'configSiafms': Error creating bean with name 'configSiafms': Could not bind properties to 'ConfigSiafms' : prefix=siafms.service, ignoreInvalidFields=false, ignoreUnknownFields=true
	at org.springframework.beans.factory.annotation.AutowiredAnnotationBeanPostProcessor$AutowiredFieldElement.resolveFieldValue(AutowiredAnnotationBeanPostProcessor.java:787)
	at org.springframework.beans.factory.annotation.AutowiredAnnotationBeanPostProcessor$AutowiredFieldElement.inject(AutowiredAnnotationBeanPostProcessor.java:767)
	at org.springframework.beans.factory.annotation.InjectionMetadata.inject(InjectionMetadata.java:145)
	at org.springframework.beans.factory.annotation.AutowiredAnnotationBeanPostProcessor.postProcessProperties(AutowiredAnnotationBeanPostProcessor.java:508)
	at org.springframework.beans.factory.support.AbstractAutowireCapableBeanFactory.populateBean(AbstractAutowireCapableBeanFactory.java:1421)
	at org.springframework.beans.factory.support.AbstractAutowireCapableBeanFactory.doCreateBean(AbstractAutowireCapableBeanFactory.java:599)
	at org.springframework.beans.factory.support.AbstractAutowireCapableBeanFactory.createBean(AbstractAutowireCapableBeanFactory.java:522)
	at org.springframework.beans.factory.support.AbstractBeanFactory.lambda$doGetBean$0(AbstractBeanFactory.java:337)
	at org.springframework.beans.factory.support.DefaultSingletonBeanRegistry.getSingleton(DefaultSingletonBeanRegistry.java:234)
	at org.springframework.beans.factory.support.AbstractBeanFactory.doGetBean(AbstractBeanFactory.java:335)
	at org.springframework.beans.factory.support.AbstractBeanFactory.getBean(AbstractBeanFactory.java:200)
	at org.springframework.beans.factory.config.DependencyDescriptor.resolveCandidate(DependencyDescriptor.java:254)
	at org.springframework.beans.factory.support.DefaultListableBeanFactory.doResolveDependency(DefaultListableBeanFactory.java:1443)
	at org.springframework.beans.factory.support.DefaultListableBeanFactory.resolveDependency(DefaultListableBeanFactory.java:1353)
	at org.springframework.beans.factory.annotation.AutowiredAnnotationBeanPostProcessor$AutowiredFieldElement.resolveFieldValue(AutowiredAnnotationBeanPostProcessor.java:784)
	... 98 common frames omitted
Caused by: org.springframework.boot.context.properties.ConfigurationPropertiesBindException: Error creating bean with name 'configSiafms': Could not bind properties to 'ConfigSiafms' : prefix=siafms.service, ignoreInvalidFields=false, ignoreUnknownFields=true
	at org.springframework.boot.context.properties.ConfigurationPropertiesBindingPostProcessor.bind(ConfigurationPropertiesBindingPostProcessor.java:99)
	at org.springframework.boot.context.properties.ConfigurationPropertiesBindingPostProcessor.postProcessBeforeInitialization(ConfigurationPropertiesBindingPostProcessor.java:79)
	at org.springframework.beans.factory.support.AbstractAutowireCapableBeanFactory.applyBeanPostProcessorsBeforeInitialization(AbstractAutowireCapableBeanFactory.java:422)
	at org.springframework.beans.factory.support.AbstractAutowireCapableBeanFactory.initializeBean(AbstractAutowireCapableBeanFactory.java:1780)
	at org.springframework.beans.factory.support.AbstractAutowireCapableBeanFactory.doCreateBean(AbstractAutowireCapableBeanFactory.java:600)
	at org.springframework.beans.factory.support.AbstractAutowireCapableBeanFactory.createBean(AbstractAutowireCapableBeanFactory.java:522)
	at org.springframework.beans.factory.support.AbstractBeanFactory.lambda$doGetBean$0(AbstractBeanFactory.java:337)
	at org.springframework.beans.factory.support.DefaultSingletonBeanRegistry.getSingleton(DefaultSingletonBeanRegistry.java:234)
	at org.springframework.beans.factory.support.AbstractBeanFactory.doGetBean(AbstractBeanFactory.java:335)
	at org.springframework.beans.factory.support.AbstractBeanFactory.getBean(AbstractBeanFactory.java:200)
	at org.springframework.beans.factory.config.DependencyDescriptor.resolveCandidate(DependencyDescriptor.java:254)
	at org.springframework.beans.factory.support.DefaultListableBeanFactory.doResolveDependency(DefaultListableBeanFactory.java:1443)
	at org.springframework.beans.factory.support.DefaultListableBeanFactory.resolveDependency(DefaultListableBeanFactory.java:1353)
	at org.springframework.beans.factory.annotation.AutowiredAnnotationBeanPostProcessor$AutowiredFieldElement.resolveFieldValue(AutowiredAnnotationBeanPostProcessor.java:784)
	... 112 common frames omitted
Caused by: org.springframework.boot.context.properties.bind.BindException: Failed to bind properties under 'siafms.service.anio' to java.lang.Integer
	at org.springframework.boot.context.properties.bind.Binder.handleBindError(Binder.java:391)
	at org.springframework.boot.context.properties.bind.Binder.bind(Binder.java:354)
	at org.springframework.boot.context.properties.bind.Binder.lambda$bindDataObject$5(Binder.java:477)
	at org.springframework.boot.context.properties.bind.JavaBeanBinder.bind(JavaBeanBinder.java:99)
	at org.springframework.boot.context.properties.bind.JavaBeanBinder.bind(JavaBeanBinder.java:87)
	at org.springframework.boot.context.properties.bind.JavaBeanBinder.bind(JavaBeanBinder.java:63)
	at org.springframework.boot.context.properties.bind.Binder.lambda$bindDataObject$6(Binder.java:480)
	at java.base/java.util.stream.ReferencePipeline$3$1.accept(ReferencePipeline.java:197)
	at java.base/java.util.AbstractList$RandomAccessSpliterator.tryAdvance(AbstractList.java:706)
	at java.base/java.util.stream.ReferencePipeline.forEachWithCancel(ReferencePipeline.java:129)
	at java.base/java.util.stream.AbstractPipeline.copyIntoWithCancel(AbstractPipeline.java:527)
	at java.base/java.util.stream.AbstractPipeline.copyInto(AbstractPipeline.java:513)
	at java.base/java.util.stream.AbstractPipeline.wrapAndCopyInto(AbstractPipeline.java:499)
	at java.base/java.util.stream.FindOps$FindOp.evaluateSequential(FindOps.java:150)
	at java.base/java.util.stream.AbstractPipeline.evaluate(AbstractPipeline.java:234)
	at java.base/java.util.stream.ReferencePipeline.findFirst(ReferencePipeline.java:647)
	at org.springframework.boot.context.properties.bind.Binder.fromDataObjectBinders(Binder.java:488)
	at org.springframework.boot.context.properties.bind.Binder.lambda$bindDataObject$7(Binder.java:479)
	at org.springframework.boot.context.properties.bind.Binder$Context.withIncreasedDepth(Binder.java:597)
	at org.springframework.boot.context.properties.bind.Binder$Context.withDataObject(Binder.java:583)
	at org.springframework.boot.context.properties.bind.Binder.bindDataObject(Binder.java:479)
	at org.springframework.boot.context.properties.bind.Binder.bindObject(Binder.java:418)
	at org.springframework.boot.context.properties.bind.Binder.bind(Binder.java:350)
	at org.springframework.boot.context.properties.bind.Binder.bind(Binder.java:339)
	at org.springframework.boot.context.properties.bind.Binder.bind(Binder.java:269)
	at org.springframework.boot.context.properties.bind.Binder.bind(Binder.java:256)
	at org.springframework.boot.context.properties.ConfigurationPropertiesBinder.bind(ConfigurationPropertiesBinder.java:94)
	at org.springframework.boot.context.properties.ConfigurationPropertiesBindingPostProcessor.bind(ConfigurationPropertiesBindingPostProcessor.java:96)
	... 125 common frames omitted
Caused by: org.springframework.core.convert.ConversionFailedException: Failed to convert from type [java.lang.String] to type [java.lang.Integer] for value [${SIAFMS_ANIO}]
	at org.springframework.core.convert.support.ConversionUtils.invokeConverter(ConversionUtils.java:47)
	at org.springframework.core.convert.support.GenericConversionService.convert(GenericConversionService.java:182)
	at org.springframework.boot.context.properties.bind.BindConverter.convert(BindConverter.java:110)
	at org.springframework.boot.context.properties.bind.BindConverter.convert(BindConverter.java:101)
	at org.springframework.boot.context.properties.bind.BindConverter.convert(BindConverter.java:93)
	at org.springframework.boot.context.properties.bind.Binder.bindProperty(Binder.java:463)
	at org.springframework.boot.context.properties.bind.Binder.bindObject(Binder.java:407)
	at org.springframework.boot.context.properties.bind.Binder.bind(Binder.java:350)
	... 151 common frames omitted
Caused by: java.lang.NumberFormatException: For input string: "${SIAFMS_ANIO}"
	at java.base/java.lang.NumberFormatException.forInputString(NumberFormatException.java:67)
	at java.base/java.lang.Integer.parseInt(Integer.java:654)
	at java.base/java.lang.Integer.valueOf(Integer.java:999)
	at org.springframework.util.NumberUtils.parseNumber(NumberUtils.java:203)
	at org.springframework.core.convert.support.StringToNumberConverterFactory$StringToNumber.convert(StringToNumberConverterFactory.java:64)
	at org.springframework.core.convert.support.StringToNumberConverterFactory$StringToNumber.convert(StringToNumberConverterFactory.java:50)
	at org.springframework.core.convert.support.GenericConversionService$ConverterFactoryAdapter.convert(GenericConversionService.java:409)
	at org.springframework.core.convert.support.ConversionUtils.invokeConverter(ConversionUtils.java:41)
	... 158 common frames omitted
03-01-2025 15:38:18 INFO  main org.springframework.test.context.support.AnnotationConfigContextLoaderUtils:83 - Could not detect default configuration classes for test class [pe.gob.cusco.siafms.SiafmsApplicationTests]: SiafmsApplicationTests does not declare any static, non-private, non-final, nested classes annotated with @Configuration.
03-01-2025 15:38:18 INFO  main org.springframework.boot.test.context.SpringBootTestContextBootstrapper:234 - Found @SpringBootConfiguration pe.gob.cusco.siafms.SiafmsApplication for test class pe.gob.cusco.siafms.SiafmsApplicationTests
03-01-2025 15:38:19 INFO  main pe.gob.cusco.siafms.SiafmsApplicationTests:50 - Starting SiafmsApplicationTests using Java 17.0.11 with PID 22084 (started by DI in C:\Users\DI\Documents\tmp\PROJECT\siafms)
03-01-2025 15:38:19 INFO  main pe.gob.cusco.siafms.SiafmsApplicationTests:660 - The following 1 profile is active: "prod"
03-01-2025 15:38:19 INFO  main org.springframework.cloud.context.scope.GenericScope:282 - BeanFactory id=5f191780-fa07-3c35-8848-f2ec18cee490
03-01-2025 15:38:19 WARN  main org.springframework.web.context.support.GenericWebApplicationContext:632 - Exception encountered during context initialization - cancelling refresh attempt: org.springframework.beans.factory.UnsatisfiedDependencyException: Error creating bean with name 'especificaController': Unsatisfied dependency expressed through field 'especificaService': Error creating bean with name 'especificaServiceImpl': Unsatisfied dependency expressed through field 'configSiafms': Error creating bean with name 'configSiafms': Could not bind properties to 'ConfigSiafms' : prefix=siafms.service, ignoreInvalidFields=false, ignoreUnknownFields=true
03-01-2025 15:38:19 INFO  main org.springframework.boot.autoconfigure.logging.ConditionEvaluationReportLogger:82 - 

Error starting ApplicationContext. To display the condition evaluation report re-run your application with 'debug' enabled.
03-01-2025 15:38:19 ERROR main org.springframework.boot.diagnostics.LoggingFailureAnalysisReporter:40 - 

***************************
APPLICATION FAILED TO START
***************************

Description:

Failed to bind properties under 'siafms.service.anio' to java.lang.Integer:

    Property: siafms.service.anio
    Value: "${SIAFMS_ANIO}"
    Origin: class path resource [application.yml] - 17:11
    Reason: failed to convert java.lang.String to java.lang.Integer (caused by java.lang.NumberFormatException: For input string: "${SIAFMS_ANIO}")

Action:

Update your application's configuration

03-01-2025 15:38:19 WARN  main org.springframework.test.context.TestContextManager:272 - Caught exception while allowing TestExecutionListener [org.springframework.test.context.web.ServletTestExecutionListener] to prepare test instance [pe.gob.cusco.siafms.SiafmsApplicationTests@3472947a]
java.lang.IllegalStateException: Failed to load ApplicationContext for [WebMergedContextConfiguration@497d4c96 testClass = pe.gob.cusco.siafms.SiafmsApplicationTests, locations = [], classes = [pe.gob.cusco.siafms.SiafmsApplication], contextInitializerClasses = [], activeProfiles = [], propertySourceDescriptors = [], propertySourceProperties = ["org.springframework.boot.test.context.SpringBootTestContextBootstrapper=true"], contextCustomizers = [org.springframework.boot.test.context.filter.ExcludeFilterContextCustomizer@51acdf2e, org.springframework.boot.test.json.DuplicateJsonObjectContextCustomizerFactory$DuplicateJsonObjectContextCustomizer@3a0baae5, org.springframework.boot.test.mock.mockito.MockitoContextCustomizer@0, org.springframework.boot.test.web.client.TestRestTemplateContextCustomizer@53dbe163, org.springframework.boot.test.autoconfigure.actuate.observability.ObservabilityContextCustomizerFactory$DisableObservabilityContextCustomizer@1f, org.springframework.boot.test.autoconfigure.properties.PropertyMappingContextCustomizer@0, org.springframework.boot.test.autoconfigure.web.servlet.WebDriverContextCustomizer@6aa3a905, org.springframework.boot.test.context.SpringBootTestAnnotation@2c43a69c], resourceBasePath = "src/main/webapp", contextLoader = org.springframework.boot.test.context.SpringBootContextLoader, parent = null]
	at org.springframework.test.context.cache.DefaultCacheAwareContextLoaderDelegate.loadContext(DefaultCacheAwareContextLoaderDelegate.java:180)
	at org.springframework.test.context.support.DefaultTestContext.getApplicationContext(DefaultTestContext.java:130)
	at org.springframework.test.context.web.ServletTestExecutionListener.setUpRequestContextIfNecessary(ServletTestExecutionListener.java:191)
	at org.springframework.test.context.web.ServletTestExecutionListener.prepareTestInstance(ServletTestExecutionListener.java:130)
	at org.springframework.test.context.TestContextManager.prepareTestInstance(TestContextManager.java:260)
	at org.springframework.test.context.junit.jupiter.SpringExtension.postProcessTestInstance(SpringExtension.java:163)
	at org.junit.jupiter.engine.descriptor.ClassBasedTestDescriptor.lambda$invokeTestInstancePostProcessors$10(ClassBasedTestDescriptor.java:378)
	at org.junit.jupiter.engine.descriptor.ClassBasedTestDescriptor.executeAndMaskThrowable(ClassBasedTestDescriptor.java:383)
	at org.junit.jupiter.engine.descriptor.ClassBasedTestDescriptor.lambda$invokeTestInstancePostProcessors$11(ClassBasedTestDescriptor.java:378)
	at java.base/java.util.stream.ReferencePipeline$3$1.accept(ReferencePipeline.java:197)
	at java.base/java.util.stream.ReferencePipeline$2$1.accept(ReferencePipeline.java:179)
	at java.base/java.util.ArrayList$ArrayListSpliterator.forEachRemaining(ArrayList.java:1625)
	at java.base/java.util.stream.AbstractPipeline.copyInto(AbstractPipeline.java:509)
	at java.base/java.util.stream.AbstractPipeline.wrapAndCopyInto(AbstractPipeline.java:499)
	at java.base/java.util.stream.StreamSpliterators$WrappingSpliterator.forEachRemaining(StreamSpliterators.java:310)
	at java.base/java.util.stream.Streams$ConcatSpliterator.forEachRemaining(Streams.java:735)
	at java.base/java.util.stream.Streams$ConcatSpliterator.forEachRemaining(Streams.java:734)
	at java.base/java.util.stream.ReferencePipeline$Head.forEach(ReferencePipeline.java:762)
	at org.junit.jupiter.engine.descriptor.ClassBasedTestDescriptor.invokeTestInstancePostProcessors(ClassBasedTestDescriptor.java:377)
	at org.junit.jupiter.engine.descriptor.ClassBasedTestDescriptor.lambda$instantiateAndPostProcessTestInstance$6(ClassBasedTestDescriptor.java:290)
	at org.junit.platform.engine.support.hierarchical.ThrowableCollector.execute(ThrowableCollector.java:73)
	at org.junit.jupiter.engine.descriptor.ClassBasedTestDescriptor.instantiateAndPostProcessTestInstance(ClassBasedTestDescriptor.java:289)
	at org.junit.jupiter.engine.descriptor.ClassBasedTestDescriptor.lambda$testInstancesProvider$4(ClassBasedTestDescriptor.java:279)
	at java.base/java.util.Optional.orElseGet(Optional.java:364)
	at org.junit.jupiter.engine.descriptor.ClassBasedTestDescriptor.lambda$testInstancesProvider$5(ClassBasedTestDescriptor.java:278)
	at org.junit.jupiter.engine.execution.TestInstancesProvider.getTestInstances(TestInstancesProvider.java:31)
	at org.junit.jupiter.engine.descriptor.TestMethodTestDescriptor.lambda$prepare$0(TestMethodTestDescriptor.java:106)
	at org.junit.platform.engine.support.hierarchical.ThrowableCollector.execute(ThrowableCollector.java:73)
	at org.junit.jupiter.engine.descriptor.TestMethodTestDescriptor.prepare(TestMethodTestDescriptor.java:105)
	at org.junit.jupiter.engine.descriptor.TestMethodTestDescriptor.prepare(TestMethodTestDescriptor.java:69)
	at org.junit.platform.engine.support.hierarchical.NodeTestTask.lambda$prepare$2(NodeTestTask.java:123)
	at org.junit.platform.engine.support.hierarchical.ThrowableCollector.execute(ThrowableCollector.java:73)
	at org.junit.platform.engine.support.hierarchical.NodeTestTask.prepare(NodeTestTask.java:123)
	at org.junit.platform.engine.support.hierarchical.NodeTestTask.execute(NodeTestTask.java:90)
	at java.base/java.util.ArrayList.forEach(ArrayList.java:1511)
	at org.junit.platform.engine.support.hierarchical.SameThreadHierarchicalTestExecutorService.invokeAll(SameThreadHierarchicalTestExecutorService.java:41)
	at org.junit.platform.engine.support.hierarchical.NodeTestTask.lambda$executeRecursively$6(NodeTestTask.java:155)
	at org.junit.platform.engine.support.hierarchical.ThrowableCollector.execute(ThrowableCollector.java:73)
	at org.junit.platform.engine.support.hierarchical.NodeTestTask.lambda$executeRecursively$8(NodeTestTask.java:141)
	at org.junit.platform.engine.support.hierarchical.Node.around(Node.java:137)
	at org.junit.platform.engine.support.hierarchical.NodeTestTask.lambda$executeRecursively$9(NodeTestTask.java:139)
	at org.junit.platform.engine.support.hierarchical.ThrowableCollector.execute(ThrowableCollector.java:73)
	at org.junit.platform.engine.support.hierarchical.NodeTestTask.executeRecursively(NodeTestTask.java:138)
	at org.junit.platform.engine.support.hierarchical.NodeTestTask.execute(NodeTestTask.java:95)
	at java.base/java.util.ArrayList.forEach(ArrayList.java:1511)
	at org.junit.platform.engine.support.hierarchical.SameThreadHierarchicalTestExecutorService.invokeAll(SameThreadHierarchicalTestExecutorService.java:41)
	at org.junit.platform.engine.support.hierarchical.NodeTestTask.lambda$executeRecursively$6(NodeTestTask.java:155)
	at org.junit.platform.engine.support.hierarchical.ThrowableCollector.execute(ThrowableCollector.java:73)
	at org.junit.platform.engine.support.hierarchical.NodeTestTask.lambda$executeRecursively$8(NodeTestTask.java:141)
	at org.junit.platform.engine.support.hierarchical.Node.around(Node.java:137)
	at org.junit.platform.engine.support.hierarchical.NodeTestTask.lambda$executeRecursively$9(NodeTestTask.java:139)
	at org.junit.platform.engine.support.hierarchical.ThrowableCollector.execute(ThrowableCollector.java:73)
	at org.junit.platform.engine.support.hierarchical.NodeTestTask.executeRecursively(NodeTestTask.java:138)
	at org.junit.platform.engine.support.hierarchical.NodeTestTask.execute(NodeTestTask.java:95)
	at org.junit.platform.engine.support.hierarchical.SameThreadHierarchicalTestExecutorService.submit(SameThreadHierarchicalTestExecutorService.java:35)
	at org.junit.platform.engine.support.hierarchical.HierarchicalTestExecutor.execute(HierarchicalTestExecutor.java:57)
	at org.junit.platform.engine.support.hierarchical.HierarchicalTestEngine.execute(HierarchicalTestEngine.java:54)
	at org.junit.platform.launcher.core.EngineExecutionOrchestrator.execute(EngineExecutionOrchestrator.java:198)
	at org.junit.platform.launcher.core.EngineExecutionOrchestrator.execute(EngineExecutionOrchestrator.java:169)
	at org.junit.platform.launcher.core.EngineExecutionOrchestrator.execute(EngineExecutionOrchestrator.java:93)
	at org.junit.platform.launcher.core.EngineExecutionOrchestrator.lambda$execute$0(EngineExecutionOrchestrator.java:58)
	at org.junit.platform.launcher.core.EngineExecutionOrchestrator.withInterceptedStreams(EngineExecutionOrchestrator.java:141)
	at org.junit.platform.launcher.core.EngineExecutionOrchestrator.execute(EngineExecutionOrchestrator.java:57)
	at org.junit.platform.launcher.core.DefaultLauncher.execute(DefaultLauncher.java:103)
	at org.junit.platform.launcher.core.DefaultLauncher.execute(DefaultLauncher.java:85)
	at org.junit.platform.launcher.core.DelegatingLauncher.execute(DelegatingLauncher.java:47)
	at org.apache.maven.surefire.junitplatform.LazyLauncher.execute(LazyLauncher.java:56)
	at org.apache.maven.surefire.junitplatform.JUnitPlatformProvider.execute(JUnitPlatformProvider.java:184)
	at org.apache.maven.surefire.junitplatform.JUnitPlatformProvider.invokeAllTests(JUnitPlatformProvider.java:148)
	at org.apache.maven.surefire.junitplatform.JUnitPlatformProvider.invoke(JUnitPlatformProvider.java:122)
	at org.apache.maven.surefire.booter.ForkedBooter.runSuitesInProcess(ForkedBooter.java:385)
	at org.apache.maven.surefire.booter.ForkedBooter.execute(ForkedBooter.java:162)
	at org.apache.maven.surefire.booter.ForkedBooter.run(ForkedBooter.java:507)
	at org.apache.maven.surefire.booter.ForkedBooter.main(ForkedBooter.java:495)
Caused by: org.springframework.beans.factory.UnsatisfiedDependencyException: Error creating bean with name 'especificaController': Unsatisfied dependency expressed through field 'especificaService': Error creating bean with name 'especificaServiceImpl': Unsatisfied dependency expressed through field 'configSiafms': Error creating bean with name 'configSiafms': Could not bind properties to 'ConfigSiafms' : prefix=siafms.service, ignoreInvalidFields=false, ignoreUnknownFields=true
	at org.springframework.beans.factory.annotation.AutowiredAnnotationBeanPostProcessor$AutowiredFieldElement.resolveFieldValue(AutowiredAnnotationBeanPostProcessor.java:787)
	at org.springframework.beans.factory.annotation.AutowiredAnnotationBeanPostProcessor$AutowiredFieldElement.inject(AutowiredAnnotationBeanPostProcessor.java:767)
	at org.springframework.beans.factory.annotation.InjectionMetadata.inject(InjectionMetadata.java:145)
	at org.springframework.beans.factory.annotation.AutowiredAnnotationBeanPostProcessor.postProcessProperties(AutowiredAnnotationBeanPostProcessor.java:508)
	at org.springframework.beans.factory.support.AbstractAutowireCapableBeanFactory.populateBean(AbstractAutowireCapableBeanFactory.java:1421)
	at org.springframework.beans.factory.support.AbstractAutowireCapableBeanFactory.doCreateBean(AbstractAutowireCapableBeanFactory.java:599)
	at org.springframework.beans.factory.support.AbstractAutowireCapableBeanFactory.createBean(AbstractAutowireCapableBeanFactory.java:522)
	at org.springframework.beans.factory.support.AbstractBeanFactory.lambda$doGetBean$0(AbstractBeanFactory.java:337)
	at org.springframework.beans.factory.support.DefaultSingletonBeanRegistry.getSingleton(DefaultSingletonBeanRegistry.java:234)
	at org.springframework.beans.factory.support.AbstractBeanFactory.doGetBean(AbstractBeanFactory.java:335)
	at org.springframework.beans.factory.support.AbstractBeanFactory.getBean(AbstractBeanFactory.java:200)
	at org.springframework.beans.factory.support.DefaultListableBeanFactory.preInstantiateSingletons(DefaultListableBeanFactory.java:975)
	at org.springframework.context.support.AbstractApplicationContext.finishBeanFactoryInitialization(AbstractApplicationContext.java:962)
	at org.springframework.context.support.AbstractApplicationContext.refresh(AbstractApplicationContext.java:624)
	at org.springframework.boot.SpringApplication.refresh(SpringApplication.java:754)
	at org.springframework.boot.SpringApplication.refreshContext(SpringApplication.java:456)
	at org.springframework.boot.SpringApplication.run(SpringApplication.java:335)
	at org.springframework.boot.test.context.SpringBootContextLoader.lambda$loadContext$3(SpringBootContextLoader.java:137)
	at org.springframework.util.function.ThrowingSupplier.get(ThrowingSupplier.java:58)
	at org.springframework.util.function.ThrowingSupplier.get(ThrowingSupplier.java:46)
	at org.springframework.boot.SpringApplication.withHook(SpringApplication.java:1463)
	at org.springframework.boot.test.context.SpringBootContextLoader$ContextLoaderHook.run(SpringBootContextLoader.java:553)
	at org.springframework.boot.test.context.SpringBootContextLoader.loadContext(SpringBootContextLoader.java:137)
	at org.springframework.boot.test.context.SpringBootContextLoader.loadContext(SpringBootContextLoader.java:108)
	at org.springframework.test.context.cache.DefaultCacheAwareContextLoaderDelegate.loadContextInternal(DefaultCacheAwareContextLoaderDelegate.java:225)
	at org.springframework.test.context.cache.DefaultCacheAwareContextLoaderDelegate.loadContext(DefaultCacheAwareContextLoaderDelegate.java:152)
	... 73 common frames omitted
Caused by: org.springframework.beans.factory.UnsatisfiedDependencyException: Error creating bean with name 'especificaServiceImpl': Unsatisfied dependency expressed through field 'configSiafms': Error creating bean with name 'configSiafms': Could not bind properties to 'ConfigSiafms' : prefix=siafms.service, ignoreInvalidFields=false, ignoreUnknownFields=true
	at org.springframework.beans.factory.annotation.AutowiredAnnotationBeanPostProcessor$AutowiredFieldElement.resolveFieldValue(AutowiredAnnotationBeanPostProcessor.java:787)
	at org.springframework.beans.factory.annotation.AutowiredAnnotationBeanPostProcessor$AutowiredFieldElement.inject(AutowiredAnnotationBeanPostProcessor.java:767)
	at org.springframework.beans.factory.annotation.InjectionMetadata.inject(InjectionMetadata.java:145)
	at org.springframework.beans.factory.annotation.AutowiredAnnotationBeanPostProcessor.postProcessProperties(AutowiredAnnotationBeanPostProcessor.java:508)
	at org.springframework.beans.factory.support.AbstractAutowireCapableBeanFactory.populateBean(AbstractAutowireCapableBeanFactory.java:1421)
	at org.springframework.beans.factory.support.AbstractAutowireCapableBeanFactory.doCreateBean(AbstractAutowireCapableBeanFactory.java:599)
	at org.springframework.beans.factory.support.AbstractAutowireCapableBeanFactory.createBean(AbstractAutowireCapableBeanFactory.java:522)
	at org.springframework.beans.factory.support.AbstractBeanFactory.lambda$doGetBean$0(AbstractBeanFactory.java:337)
	at org.springframework.beans.factory.support.DefaultSingletonBeanRegistry.getSingleton(DefaultSingletonBeanRegistry.java:234)
	at org.springframework.beans.factory.support.AbstractBeanFactory.doGetBean(AbstractBeanFactory.java:335)
	at org.springframework.beans.factory.support.AbstractBeanFactory.getBean(AbstractBeanFactory.java:200)
	at org.springframework.beans.factory.config.DependencyDescriptor.resolveCandidate(DependencyDescriptor.java:254)
	at org.springframework.beans.factory.support.DefaultListableBeanFactory.doResolveDependency(DefaultListableBeanFactory.java:1443)
	at org.springframework.beans.factory.support.DefaultListableBeanFactory.resolveDependency(DefaultListableBeanFactory.java:1353)
	at org.springframework.beans.factory.annotation.AutowiredAnnotationBeanPostProcessor$AutowiredFieldElement.resolveFieldValue(AutowiredAnnotationBeanPostProcessor.java:784)
	... 98 common frames omitted
Caused by: org.springframework.boot.context.properties.ConfigurationPropertiesBindException: Error creating bean with name 'configSiafms': Could not bind properties to 'ConfigSiafms' : prefix=siafms.service, ignoreInvalidFields=false, ignoreUnknownFields=true
	at org.springframework.boot.context.properties.ConfigurationPropertiesBindingPostProcessor.bind(ConfigurationPropertiesBindingPostProcessor.java:99)
	at org.springframework.boot.context.properties.ConfigurationPropertiesBindingPostProcessor.postProcessBeforeInitialization(ConfigurationPropertiesBindingPostProcessor.java:79)
	at org.springframework.beans.factory.support.AbstractAutowireCapableBeanFactory.applyBeanPostProcessorsBeforeInitialization(AbstractAutowireCapableBeanFactory.java:422)
	at org.springframework.beans.factory.support.AbstractAutowireCapableBeanFactory.initializeBean(AbstractAutowireCapableBeanFactory.java:1780)
	at org.springframework.beans.factory.support.AbstractAutowireCapableBeanFactory.doCreateBean(AbstractAutowireCapableBeanFactory.java:600)
	at org.springframework.beans.factory.support.AbstractAutowireCapableBeanFactory.createBean(AbstractAutowireCapableBeanFactory.java:522)
	at org.springframework.beans.factory.support.AbstractBeanFactory.lambda$doGetBean$0(AbstractBeanFactory.java:337)
	at org.springframework.beans.factory.support.DefaultSingletonBeanRegistry.getSingleton(DefaultSingletonBeanRegistry.java:234)
	at org.springframework.beans.factory.support.AbstractBeanFactory.doGetBean(AbstractBeanFactory.java:335)
	at org.springframework.beans.factory.support.AbstractBeanFactory.getBean(AbstractBeanFactory.java:200)
	at org.springframework.beans.factory.config.DependencyDescriptor.resolveCandidate(DependencyDescriptor.java:254)
	at org.springframework.beans.factory.support.DefaultListableBeanFactory.doResolveDependency(DefaultListableBeanFactory.java:1443)
	at org.springframework.beans.factory.support.DefaultListableBeanFactory.resolveDependency(DefaultListableBeanFactory.java:1353)
	at org.springframework.beans.factory.annotation.AutowiredAnnotationBeanPostProcessor$AutowiredFieldElement.resolveFieldValue(AutowiredAnnotationBeanPostProcessor.java:784)
	... 112 common frames omitted
Caused by: org.springframework.boot.context.properties.bind.BindException: Failed to bind properties under 'siafms.service.anio' to java.lang.Integer
	at org.springframework.boot.context.properties.bind.Binder.handleBindError(Binder.java:391)
	at org.springframework.boot.context.properties.bind.Binder.bind(Binder.java:354)
	at org.springframework.boot.context.properties.bind.Binder.lambda$bindDataObject$5(Binder.java:477)
	at org.springframework.boot.context.properties.bind.JavaBeanBinder.bind(JavaBeanBinder.java:99)
	at org.springframework.boot.context.properties.bind.JavaBeanBinder.bind(JavaBeanBinder.java:87)
	at org.springframework.boot.context.properties.bind.JavaBeanBinder.bind(JavaBeanBinder.java:63)
	at org.springframework.boot.context.properties.bind.Binder.lambda$bindDataObject$6(Binder.java:480)
	at java.base/java.util.stream.ReferencePipeline$3$1.accept(ReferencePipeline.java:197)
	at java.base/java.util.AbstractList$RandomAccessSpliterator.tryAdvance(AbstractList.java:706)
	at java.base/java.util.stream.ReferencePipeline.forEachWithCancel(ReferencePipeline.java:129)
	at java.base/java.util.stream.AbstractPipeline.copyIntoWithCancel(AbstractPipeline.java:527)
	at java.base/java.util.stream.AbstractPipeline.copyInto(AbstractPipeline.java:513)
	at java.base/java.util.stream.AbstractPipeline.wrapAndCopyInto(AbstractPipeline.java:499)
	at java.base/java.util.stream.FindOps$FindOp.evaluateSequential(FindOps.java:150)
	at java.base/java.util.stream.AbstractPipeline.evaluate(AbstractPipeline.java:234)
	at java.base/java.util.stream.ReferencePipeline.findFirst(ReferencePipeline.java:647)
	at org.springframework.boot.context.properties.bind.Binder.fromDataObjectBinders(Binder.java:488)
	at org.springframework.boot.context.properties.bind.Binder.lambda$bindDataObject$7(Binder.java:479)
	at org.springframework.boot.context.properties.bind.Binder$Context.withIncreasedDepth(Binder.java:597)
	at org.springframework.boot.context.properties.bind.Binder$Context.withDataObject(Binder.java:583)
	at org.springframework.boot.context.properties.bind.Binder.bindDataObject(Binder.java:479)
	at org.springframework.boot.context.properties.bind.Binder.bindObject(Binder.java:418)
	at org.springframework.boot.context.properties.bind.Binder.bind(Binder.java:350)
	at org.springframework.boot.context.properties.bind.Binder.bind(Binder.java:339)
	at org.springframework.boot.context.properties.bind.Binder.bind(Binder.java:269)
	at org.springframework.boot.context.properties.bind.Binder.bind(Binder.java:256)
	at org.springframework.boot.context.properties.ConfigurationPropertiesBinder.bind(ConfigurationPropertiesBinder.java:94)
	at org.springframework.boot.context.properties.ConfigurationPropertiesBindingPostProcessor.bind(ConfigurationPropertiesBindingPostProcessor.java:96)
	... 125 common frames omitted
Caused by: org.springframework.core.convert.ConversionFailedException: Failed to convert from type [java.lang.String] to type [java.lang.Integer] for value [${SIAFMS_ANIO}]
	at org.springframework.core.convert.support.ConversionUtils.invokeConverter(ConversionUtils.java:47)
	at org.springframework.core.convert.support.GenericConversionService.convert(GenericConversionService.java:182)
	at org.springframework.boot.context.properties.bind.BindConverter.convert(BindConverter.java:110)
	at org.springframework.boot.context.properties.bind.BindConverter.convert(BindConverter.java:101)
	at org.springframework.boot.context.properties.bind.BindConverter.convert(BindConverter.java:93)
	at org.springframework.boot.context.properties.bind.Binder.bindProperty(Binder.java:463)
	at org.springframework.boot.context.properties.bind.Binder.bindObject(Binder.java:407)
	at org.springframework.boot.context.properties.bind.Binder.bind(Binder.java:350)
	... 151 common frames omitted
Caused by: java.lang.NumberFormatException: For input string: "${SIAFMS_ANIO}"
	at java.base/java.lang.NumberFormatException.forInputString(NumberFormatException.java:67)
	at java.base/java.lang.Integer.parseInt(Integer.java:654)
	at java.base/java.lang.Integer.valueOf(Integer.java:999)
	at org.springframework.util.NumberUtils.parseNumber(NumberUtils.java:203)
	at org.springframework.core.convert.support.StringToNumberConverterFactory$StringToNumber.convert(StringToNumberConverterFactory.java:64)
	at org.springframework.core.convert.support.StringToNumberConverterFactory$StringToNumber.convert(StringToNumberConverterFactory.java:50)
	at org.springframework.core.convert.support.GenericConversionService$ConverterFactoryAdapter.convert(GenericConversionService.java:409)
	at org.springframework.core.convert.support.ConversionUtils.invokeConverter(ConversionUtils.java:41)
	... 158 common frames omitted
03-01-2025 15:40:16 INFO  main org.springframework.test.context.support.AnnotationConfigContextLoaderUtils:83 - Could not detect default configuration classes for test class [pe.gob.cusco.siafms.SiafmsApplicationTests]: SiafmsApplicationTests does not declare any static, non-private, non-final, nested classes annotated with @Configuration.
03-01-2025 15:40:16 INFO  main org.springframework.boot.test.context.SpringBootTestContextBootstrapper:234 - Found @SpringBootConfiguration pe.gob.cusco.siafms.SiafmsApplication for test class pe.gob.cusco.siafms.SiafmsApplicationTests
03-01-2025 15:40:16 INFO  main pe.gob.cusco.siafms.SiafmsApplicationTests:50 - Starting SiafmsApplicationTests using Java 17.0.11 with PID 7804 (started by DI in C:\Users\DI\Documents\tmp\PROJECT\siafms)
03-01-2025 15:40:16 INFO  main pe.gob.cusco.siafms.SiafmsApplicationTests:660 - The following 1 profile is active: "prod"
03-01-2025 15:40:17 INFO  main org.springframework.cloud.context.scope.GenericScope:282 - BeanFactory id=5f191780-fa07-3c35-8848-f2ec18cee490
03-01-2025 15:40:18 INFO  main pe.gob.cusco.siafms.SiafmsApplicationTests:56 - Started SiafmsApplicationTests in 1.674 seconds (process running for 2.507)
